0 info it worked if it ends with ok
1 verbose cli [ '/usr/local/bin/node', '/usr/local/bin/npm', 'run', 'lint' ]
2 info using npm@3.8.9
3 info using node@v6.2.0
4 verbose run-script [ 'prelint', 'lint', 'postlint' ]
5 info lifecycle retail-ui@0.4.9~prelint: retail-ui@0.4.9
6 silly lifecycle retail-ui@0.4.9~prelint: no script for prelint, continuing
7 info lifecycle retail-ui@0.4.9~lint: retail-ui@0.4.9
8 verbose lifecycle retail-ui@0.4.9~lint: unsafe-perm in lifecycle true
9 verbose lifecycle retail-ui@0.4.9~lint: PATH: /usr/local/lib/node_modules/npm/bin/node-gyp-bin:/Users/timurkhazamov/Projects/retail-ui/node_modules/.bin:/usr/local/bin:/Users/timurkhazamov/.opam/4.02.3/bin:/usr/local/bin:/usr/bin:/bin:/usr/sbin:/sbin:/Users/timurkhazamov/bin
10 verbose lifecycle retail-ui@0.4.9~lint: CWD: /Users/timurkhazamov/Projects/retail-ui
11 silly lifecycle retail-ui@0.4.9~lint: Args: [ '-c', 'eslint --ext .js,.jsx components docs/src' ]
12 silly lifecycle retail-ui@0.4.9~lint: Returned: code: 1  signal: null
13 info lifecycle retail-ui@0.4.9~lint: Failed to exec lint script
14 verbose stack Error: retail-ui@0.4.9 lint: `eslint --ext .js,.jsx components docs/src`
14 verbose stack Exit status 1
14 verbose stack     at EventEmitter.<anonymous> (/usr/local/lib/node_modules/npm/lib/utils/lifecycle.js:245:16)
14 verbose stack     at emitTwo (events.js:106:13)
14 verbose stack     at EventEmitter.emit (events.js:191:7)
14 verbose stack     at ChildProcess.<anonymous> (/usr/local/lib/node_modules/npm/lib/utils/spawn.js:24:14)
14 verbose stack     at emitTwo (events.js:106:13)
14 verbose stack     at ChildProcess.emit (events.js:191:7)
14 verbose stack     at maybeClose (internal/child_process.js:850:16)
14 verbose stack     at Process.ChildProcess._handle.onexit (internal/child_process.js:215:5)
15 verbose pkgid retail-ui@0.4.9
16 verbose cwd /Users/timurkhazamov/Projects/retail-ui
17 error Darwin 15.5.0
18 error argv "/usr/local/bin/node" "/usr/local/bin/npm" "run" "lint"
19 error node v6.2.0
20 error npm  v3.8.9
21 error code ELIFECYCLE
22 error retail-ui@0.4.9 lint: `eslint --ext .js,.jsx components docs/src`
22 error Exit status 1
23 error Failed at the retail-ui@0.4.9 lint script 'eslint --ext .js,.jsx components docs/src'.
23 error Make sure you have the latest version of node.js and npm installed.
23 error If you do, this is most likely a problem with the retail-ui package,
23 error not with npm itself.
23 error Tell the author that this fails on your system:
23 error     eslint --ext .js,.jsx components docs/src
23 error You can get information on how to open an issue for this project with:
23 error     npm bugs retail-ui
23 error Or if that isn't available, you can get their info via:
23 error     npm owner ls retail-ui
23 error There is likely additional logging output above.
24 verbose exit [ 1, true ]
